<?xml version="1.0" encoding="UTF-8"?>
<!-- Generated by org.testng.reporters.JUnitXMLReporter -->
<testsuite hostname="DESKTOP-79QFOE9" ignored="4" name="Vendor OnBoarding" tests="2" failures="1" timestamp="13 Jan 2021 09:34:01 GMT" time="170.449" errors="0">
  <testcase name="loginPageTest" time="83.859" classname="TestCases.LoginTest"/>
  <testcase name="createVendor" time="81.537" classname="TestCases.CreateVendorTest">
    <failure type="java.lang.NullPointerException">
      <![CDATA[java.lang.NullPointerException
at Generics.ExcelUserData.dataFromExcelSheet(ExcelUserData.java:63)
at Pages.CreateVendorPage.enterWEBSITE(CreateVendorPage.java:103)
at TestCases.CreateVendorTest.createVendor(CreateVendorTest.java:28)
... Removed 25 stack frames]]>
    </failure>
  </testcase> <!-- createVendor -->
  <testcase name="@AfterSuite CloseFramework" time="0.0" classname="Constant.BaseTest">
    <ignored/>
  </testcase> <!-- @AfterSuite CloseFramework -->
  <testcase name="@BeforeTest Extent" time="0.0" classname="Constant.BaseTest">
    <ignored/>
  </testcase> <!-- @BeforeTest Extent -->
  <testcase name="@AfterTest GenerareReport" time="0.0" classname="Constant.BaseTest">
    <ignored/>
  </testcase> <!-- @AfterTest GenerareReport -->
  <testcase name="@BeforeSuite initApplication" time="0.0" classname="Constant.BaseTest">
    <ignored/>
  </testcase> <!-- @BeforeSuite initApplication -->
</testsuite> <!-- Vendor OnBoarding -->
