<?xml version="1.0" encoding="UTF-8"?>
<testng-results skipped="0" failed="0" ignored="0" total="1" passed="1">
  <reporter-output>
  </reporter-output>
  <suite name="Default suite" duration-ms="35945" started-at="2021-01-25T06:15:00Z" finished-at="2021-01-25T06:15:36Z">
    <groups>
    </groups>
    <test name="Default test" duration-ms="35945" started-at="2021-01-25T06:15:00Z" finished-at="2021-01-25T06:15:36Z">
      <class name="TestCases.CreateVendorTest">
        <test-method status="PASS" signature="initApplication()[pri:0, instance:TestCases.CreateVendorTest@53b32d7]" name="initApplication" is-config="true" duration-ms="16965" started-at="2021-01-25T06:14:43Z" finished-at="2021-01-25T06:15:00Z">
          <reporter-output>
          </reporter-output>
        </test-method> <!-- initApplication -->
        <test-method status="PASS" signature="Extent()[pri:0, instance:TestCases.CreateVendorTest@53b32d7]" name="Extent" is-config="true" duration-ms="507" started-at="2021-01-25T06:15:00Z" finished-at="2021-01-25T06:15:00Z">
          <reporter-output>
          </reporter-output>
        </test-method> <!-- Extent -->
        <test-method status="PASS" signature="createVendor()[pri:0, instance:TestCases.CreateVendorTest@53b32d7]" name="createVendor" duration-ms="34098" started-at="2021-01-25T06:15:01Z" finished-at="2021-01-25T06:15:35Z">
          <reporter-output>
          </reporter-output>
        </test-method> <!-- createVendor -->
        <test-method status="PASS" signature="TakeScreenshot(org.testng.ITestResult)[pri:0, instance:TestCases.CreateVendorTest@53b32d7]" name="TakeScreenshot" is-config="true" duration-ms="4" started-at="2021-01-25T06:15:35Z" finished-at="2021-01-25T06:15:35Z">
          <params>
            <param index="0">
              <value>
                <![CDATA[[TestResult name=createVendor status=SUCCESS method=CreateVendorTest.createVendor()[pri:0, instance:TestCases.CreateVendorTest@53b32d7] output={null}]]]>
              </value>
            </param>
          </params>
          <reporter-output>
          </reporter-output>
        </test-method> <!-- TakeScreenshot -->
        <test-method status="PASS" signature="GenerareReport()[pri:0, instance:TestCases.CreateVendorTest@53b32d7]" name="GenerareReport" is-config="true" duration-ms="1282" started-at="2021-01-25T06:15:35Z" finished-at="2021-01-25T06:15:36Z">
          <reporter-output>
          </reporter-output>
        </test-method> <!-- GenerareReport -->
        <test-method status="PASS" signature="CloseFramework()[pri:0, instance:TestCases.CreateVendorTest@53b32d7]" name="CloseFramework" is-config="true" duration-ms="0" started-at="2021-01-25T06:15:36Z" finished-at="2021-01-25T06:15:36Z">
          <reporter-output>
          </reporter-output>
        </test-method> <!-- CloseFramework -->
      </class> <!-- TestCases.CreateVendorTest -->
    </test> <!-- Default test -->
  </suite> <!-- Default suite -->
</testng-results>
